{"/Users/dhabrije/Projects/pokedexapp/src/assets/filter.png": {"path":"/Users/dhabrije/Projects/pokedexapp/src/assets/filter.png","statementMap":{"0":{"start":{"line":1,"column":0},"end":{"line":4,"column":6}}},"fnMap":{},"branchMap":{},"s":{"0":2},"f":{},"b":{},"_coverageSchema":"1a1c01bbd47fc00a2c39e90264f33305004495a9","hash":"64b8a7f02a8d2c9321ec74bd3d226647b66fb70d"}
,"/Users/dhabrije/Projects/pokedexapp/src/assets/multiply.png": {"path":"/Users/dhabrije/Projects/pokedexapp/src/assets/multiply.png","statementMap":{"0":{"start":{"line":1,"column":0},"end":{"line":4,"column":6}}},"fnMap":{},"branchMap":{},"s":{"0":2},"f":{},"b":{},"_coverageSchema":"1a1c01bbd47fc00a2c39e90264f33305004495a9","hash":"36b48a777d0eddba1acf22347f7f69f3594126e2"}
,"/Users/dhabrije/Projects/pokedexapp/src/components/Filter/Filter.jsx": {"path":"/Users/dhabrije/Projects/pokedexapp/src/components/Filter/Filter.jsx","statementMap":{"0":{"start":{"line":20,"column":21},"end":{"line":20,"column":59}},"1":{"start":{"line":23,"column":47},"end":{"line":23,"column":52}},"2":{"start":{"line":24,"column":21},"end":{"line":24,"column":52}},"3":{"start":{"line":25,"column":24},"end":{"line":25,"column":39}},"4":{"start":{"line":27,"column":2},"end":{"line":35,"column":16}},"5":{"start":{"line":28,"column":4},"end":{"line":33,"column":15}},"6":{"start":{"line":34,"column":4},"end":{"line":34,"column":36}},"7":{"start":{"line":37,"column":2},"end":{"line":81,"column":4}},"8":{"start":{"line":84,"column":15},"end":{"line":320,"column":1}},"9":{"start":{"line":97,"column":15},"end":{"line":97,"column":52}},"10":{"start":{"line":97,"column":36},"end":{"line":97,"column":51}},"11":{"start":{"line":99,"column":2},"end":{"line":319,"column":4}},"12":{"start":{"line":105,"column":45},"end":{"line":105,"column":61}},"13":{"start":{"line":125,"column":18},"end":{"line":144,"column":20}},"14":{"start":{"line":130,"column":28},"end":{"line":134,"column":34}},"15":{"start":{"line":133,"column":59},"end":{"line":133,"column":77}},"16":{"start":{"line":158,"column":41},"end":{"line":158,"column":78}},"17":{"start":{"line":169,"column":22},"end":{"line":169,"column":61}},"18":{"start":{"line":181,"column":22},"end":{"line":181,"column":65}},"19":{"start":{"line":196,"column":16},"end":{"line":255,"column":18}},"20":{"start":{"line":224,"column":24},"end":{"line":224,"column":50}},"21":{"start":{"line":225,"column":24},"end":{"line":225,"column":41}},"22":{"start":{"line":226,"column":24},"end":{"line":226,"column":51}},"23":{"start":{"line":227,"column":24},"end":{"line":227,"column":43}},"24":{"start":{"line":238,"column":24},"end":{"line":251,"column":31}},"25":{"start":{"line":274,"column":12},"end":{"line":274,"column":29}},"26":{"start":{"line":275,"column":12},"end":{"line":275,"column":24}},"27":{"start":{"line":276,"column":12},"end":{"line":283,"column":15}},"28":{"start":{"line":284,"column":12},"end":{"line":291,"column":15}},"29":{"start":{"line":292,"column":12},"end":{"line":292,"column":29}},"30":{"start":{"line":293,"column":12},"end":{"line":293,"column":28}},"31":{"start":{"line":306,"column":12},"end":{"line":306,"column":27}},"32":{"start":{"line":307,"column":12},"end":{"line":307,"column":29}}},"fnMap":{"0":{"name":"LabelBase","decl":{"start":{"line":22,"column":9},"end":{"line":22,"column":18}},"loc":{"start":{"line":22,"column":26},"end":{"line":82,"column":1}},"line":22},"1":{"name":"(anonymous_1)","decl":{"start":{"line":27,"column":12},"end":{"line":27,"column":13}},"loc":{"start":{"line":27,"column":18},"end":{"line":35,"column":3}},"line":27},"2":{"name":"(anonymous_2)","decl":{"start":{"line":84,"column":15},"end":{"line":84,"column":16}},"loc":{"start":{"line":96,"column":6},"end":{"line":320,"column":1}},"line":96},"3":{"name":"(anonymous_3)","decl":{"start":{"line":97,"column":27},"end":{"line":97,"column":28}},"loc":{"start":{"line":97,"column":36},"end":{"line":97,"column":51}},"line":97},"4":{"name":"(anonymous_4)","decl":{"start":{"line":105,"column":39},"end":{"line":105,"column":40}},"loc":{"start":{"line":105,"column":45},"end":{"line":105,"column":61}},"line":105},"5":{"name":"(anonymous_5)","decl":{"start":{"line":124,"column":26},"end":{"line":124,"column":27}},"loc":{"start":{"line":124,"column":43},"end":{"line":145,"column":17}},"line":124},"6":{"name":"(anonymous_6)","decl":{"start":{"line":129,"column":41},"end":{"line":129,"column":42}},"loc":{"start":{"line":129,"column":46},"end":{"line":135,"column":27}},"line":129},"7":{"name":"(anonymous_7)","decl":{"start":{"line":133,"column":51},"end":{"line":133,"column":52}},"loc":{"start":{"line":133,"column":59},"end":{"line":133,"column":77}},"line":133},"8":{"name":"(anonymous_8)","decl":{"start":{"line":158,"column":35},"end":{"line":158,"column":36}},"loc":{"start":{"line":158,"column":41},"end":{"line":158,"column":78}},"line":158},"9":{"name":"(anonymous_9)","decl":{"start":{"line":168,"column":35},"end":{"line":168,"column":36}},"loc":{"start":{"line":169,"column":22},"end":{"line":169,"column":61}},"line":169},"10":{"name":"(anonymous_10)","decl":{"start":{"line":180,"column":35},"end":{"line":180,"column":36}},"loc":{"start":{"line":181,"column":22},"end":{"line":181,"column":65}},"line":181},"11":{"name":"(anonymous_11)","decl":{"start":{"line":195,"column":24},"end":{"line":195,"column":25}},"loc":{"start":{"line":195,"column":41},"end":{"line":256,"column":15}},"line":195},"12":{"name":"(anonymous_12)","decl":{"start":{"line":223,"column":38},"end":{"line":223,"column":39}},"loc":{"start":{"line":223,"column":48},"end":{"line":228,"column":23}},"line":223},"13":{"name":"(anonymous_13)","decl":{"start":{"line":229,"column":35},"end":{"line":229,"column":36}},"loc":{"start":{"line":238,"column":24},"end":{"line":251,"column":31}},"line":238},"14":{"name":"(anonymous_14)","decl":{"start":{"line":273,"column":19},"end":{"line":273,"column":20}},"loc":{"start":{"line":273,"column":25},"end":{"line":294,"column":11}},"line":273},"15":{"name":"(anonymous_15)","decl":{"start":{"line":305,"column":19},"end":{"line":305,"column":20}},"loc":{"start":{"line":305,"column":25},"end":{"line":308,"column":11}},"line":305}},"branchMap":{"0":{"loc":{"start":{"line":29,"column":15},"end":{"line":29,"column":32}},"type":"cond-expr","locations":[{"start":{"line":29,"column":25},"end":{"line":29,"column":26}},{"start":{"line":29,"column":29},"end":{"line":29,"column":32}}],"line":29},"1":{"loc":{"start":{"line":31,"column":13},"end":{"line":31,"column":31}},"type":"cond-expr","locations":[{"start":{"line":31,"column":23},"end":{"line":31,"column":24}},{"start":{"line":31,"column":27},"end":{"line":31,"column":31}}],"line":31},"2":{"loc":{"start":{"line":38,"column":4},"end":{"line":80,"column":5}},"type":"binary-expr","locations":[{"start":{"line":38,"column":4},"end":{"line":38,"column":29}},{"start":{"line":39,"column":4},"end":{"line":39,"column":26}},{"start":{"line":40,"column":6},"end":{"line":79,"column":21}}],"line":38},"3":{"loc":{"start":{"line":130,"column":28},"end":{"line":134,"column":33}},"type":"cond-expr","locations":[{"start":{"line":131,"column":32},"end":{"line":131,"column":71}},{"start":{"line":132,"column":32},"end":{"line":134,"column":33}}],"line":130},"4":{"loc":{"start":{"line":158,"column":41},"end":{"line":158,"column":78}},"type":"cond-expr","locations":[{"start":{"line":158,"column":45},"end":{"line":158,"column":62}},{"start":{"line":158,"column":65},"end":{"line":158,"column":78}}],"line":158},"5":{"loc":{"start":{"line":169,"column":22},"end":{"line":169,"column":61}},"type":"cond-expr","locations":[{"start":{"line":169,"column":26},"end":{"line":169,"column":45}},{"start":{"line":169,"column":48},"end":{"line":169,"column":61}}],"line":169},"6":{"loc":{"start":{"line":181,"column":22},"end":{"line":181,"column":65}},"type":"cond-expr","locations":[{"start":{"line":181,"column":26},"end":{"line":181,"column":49}},{"start":{"line":181,"column":52},"end":{"line":181,"column":65}}],"line":181},"7":{"loc":{"start":{"line":199,"column":42},"end":{"line":199,"column":76}},"type":"cond-expr","locations":[{"start":{"line":199,"column":69},"end":{"line":199,"column":72}},{"start":{"line":199,"column":75},"end":{"line":199,"column":76}}],"line":199}},"s":{"0":2,"1":0,"2":0,"3":0,"4":0,"5":0,"6":0,"7":0,"8":2,"9":3,"10":3,"11":3,"12":0,"13":60,"14":0,"15":0,"16":0,"17":0,"18":0,"19":18,"20":0,"21":0,"22":0,"23":0,"24":0,"25":1,"26":1,"27":1,"28":1,"29":1,"30":1,"31":1,"32":1},"f":{"0":0,"1":0,"2":3,"3":3,"4":0,"5":60,"6":0,"7":0,"8":0,"9":0,"10":0,"11":18,"12":0,"13":0,"14":1,"15":1},"b":{"0":[0,0],"1":[0,0],"2":[0,0,0],"3":[0,0],"4":[0,0],"5":[0,0],"6":[0,0],"7":[3,15]},"_coverageSchema":"1a1c01bbd47fc00a2c39e90264f33305004495a9","hash":"b91afaf7f4db64a2acf31af44c8ceb328347b516"}
,"/Users/dhabrije/Projects/pokedexapp/src/components/Filter/Style.jsx": {"path":"/Users/dhabrije/Projects/pokedexapp/src/components/Filter/Style.jsx","statementMap":{"0":{"start":{"line":3,"column":15},"end":{"line":50,"column":2}}},"fnMap":{},"branchMap":{},"s":{"0":2},"f":{},"b":{},"_coverageSchema":"1a1c01bbd47fc00a2c39e90264f33305004495a9","hash":"cbf3730629c63d77056ed0c239039dbdec52ee43"}
,"/Users/dhabrije/Projects/pokedexapp/src/components/Header/Header.jsx": {"path":"/Users/dhabrije/Projects/pokedexapp/src/components/Header/Header.jsx","statementMap":{"0":{"start":{"line":6,"column":2},"end":{"line":14,"column":4}}},"fnMap":{"0":{"name":"Header","decl":{"start":{"line":5,"column":9},"end":{"line":5,"column":15}},"loc":{"start":{"line":5,"column":18},"end":{"line":15,"column":1}},"line":5}},"branchMap":{},"s":{"0":2},"f":{"0":2},"b":{},"_coverageSchema":"1a1c01bbd47fc00a2c39e90264f33305004495a9","hash":"4cb788eb2c6035bad3f09cba70bc1da8a7d39f2f"}
,"/Users/dhabrije/Projects/pokedexapp/src/components/Header/Style.jsx": {"path":"/Users/dhabrije/Projects/pokedexapp/src/components/Header/Style.jsx","statementMap":{"0":{"start":{"line":3,"column":15},"end":{"line":24,"column":2}}},"fnMap":{},"branchMap":{},"s":{"0":2},"f":{},"b":{},"_coverageSchema":"1a1c01bbd47fc00a2c39e90264f33305004495a9","hash":"09e9063a68666013fab4a5c97023b1f4062b3712"}
,"/Users/dhabrije/Projects/pokedexapp/src/components/PokemonCard/PokemonCard.jsx": {"path":"/Users/dhabrije/Projects/pokedexapp/src/components/PokemonCard/PokemonCard.jsx","statementMap":{"0":{"start":{"line":7,"column":20},"end":{"line":10,"column":3}},"1":{"start":{"line":8,"column":10},"end":{"line":8,"column":69}},"2":{"start":{"line":8,"column":36},"end":{"line":8,"column":68}},"3":{"start":{"line":12,"column":25},"end":{"line":20,"column":3}},"4":{"start":{"line":13,"column":4},"end":{"line":19,"column":7}},"5":{"start":{"line":22,"column":2},"end":{"line":39,"column":4}}},"fnMap":{"0":{"name":"PokemonCard","decl":{"start":{"line":6,"column":9},"end":{"line":6,"column":20}},"loc":{"start":{"line":6,"column":62},"end":{"line":40,"column":1}},"line":6},"1":{"name":"(anonymous_1)","decl":{"start":{"line":8,"column":4},"end":{"line":8,"column":5}},"loc":{"start":{"line":8,"column":10},"end":{"line":8,"column":69}},"line":8},"2":{"name":"(anonymous_2)","decl":{"start":{"line":8,"column":28},"end":{"line":8,"column":29}},"loc":{"start":{"line":8,"column":36},"end":{"line":8,"column":68}},"line":8},"3":{"name":"(anonymous_3)","decl":{"start":{"line":12,"column":25},"end":{"line":12,"column":26}},"loc":{"start":{"line":12,"column":31},"end":{"line":20,"column":3}},"line":12}},"branchMap":{},"s":{"0":1,"1":1,"2":2,"3":1,"4":0,"5":1},"f":{"0":1,"1":1,"2":2,"3":0},"b":{},"_coverageSchema":"1a1c01bbd47fc00a2c39e90264f33305004495a9","hash":"a58cc4008026984da920bf597dc5a5bec515f8a5"}
,"/Users/dhabrije/Projects/pokedexapp/src/components/PokemonCard/Style.jsx": {"path":"/Users/dhabrije/Projects/pokedexapp/src/components/PokemonCard/Style.jsx","statementMap":{"0":{"start":{"line":3,"column":15},"end":{"line":33,"column":2}}},"fnMap":{},"branchMap":{},"s":{"0":2},"f":{},"b":{},"_coverageSchema":"1a1c01bbd47fc00a2c39e90264f33305004495a9","hash":"b9b1b8e31224e87b9d2238b52bdb2b338a0a021e"}
,"/Users/dhabrije/Projects/pokedexapp/src/components/Search/Search.jsx": {"path":"/Users/dhabrije/Projects/pokedexapp/src/components/Search/Search.jsx","statementMap":{"0":{"start":{"line":6,"column":2},"end":{"line":23,"column":4}},"1":{"start":{"line":12,"column":10},"end":{"line":12,"column":32}},"2":{"start":{"line":16,"column":39},"end":{"line":16,"column":54}}},"fnMap":{"0":{"name":"Search","decl":{"start":{"line":5,"column":9},"end":{"line":5,"column":15}},"loc":{"start":{"line":5,"column":58},"end":{"line":24,"column":1}},"line":5},"1":{"name":"(anonymous_1)","decl":{"start":{"line":11,"column":22},"end":{"line":11,"column":23}},"loc":{"start":{"line":11,"column":31},"end":{"line":13,"column":9}},"line":11},"2":{"name":"(anonymous_2)","decl":{"start":{"line":16,"column":33},"end":{"line":16,"column":34}},"loc":{"start":{"line":16,"column":39},"end":{"line":16,"column":54}},"line":16}},"branchMap":{},"s":{"0":2,"1":0,"2":0},"f":{"0":2,"1":0,"2":0},"b":{},"_coverageSchema":"1a1c01bbd47fc00a2c39e90264f33305004495a9","hash":"3e15bf2cd3f07459e615ae759ced4d72c1fe3a85"}
,"/Users/dhabrije/Projects/pokedexapp/src/components/Search/Style.jsx": {"path":"/Users/dhabrije/Projects/pokedexapp/src/components/Search/Style.jsx","statementMap":{"0":{"start":{"line":3,"column":15},"end":{"line":23,"column":2}}},"fnMap":{},"branchMap":{},"s":{"0":2},"f":{},"b":{},"_coverageSchema":"1a1c01bbd47fc00a2c39e90264f33305004495a9","hash":"6ecb200fb8d32918f92c44a2911e3c7895d17922"}
,"/Users/dhabrije/Projects/pokedexapp/src/redux/actions/detail.js": {"path":"/Users/dhabrije/Projects/pokedexapp/src/redux/actions/detail.js","statementMap":{"0":{"start":{"line":5,"column":33},"end":{"line":21,"column":1}},"1":{"start":{"line":5,"column":41},"end":{"line":21,"column":1}},"2":{"start":{"line":6,"column":2},"end":{"line":20,"column":3}},"3":{"start":{"line":7,"column":4},"end":{"line":7,"column":34}},"4":{"start":{"line":8,"column":16},"end":{"line":8,"column":74}},"5":{"start":{"line":9,"column":14},"end":{"line":9,"column":16}},"6":{"start":{"line":10,"column":4},"end":{"line":12,"column":7}},"7":{"start":{"line":11,"column":6},"end":{"line":11,"column":37}},"8":{"start":{"line":13,"column":4},"end":{"line":16,"column":7}},"9":{"start":{"line":17,"column":4},"end":{"line":17,"column":32}},"10":{"start":{"line":19,"column":4},"end":{"line":19,"column":26}},"11":{"start":{"line":23,"column":34},"end":{"line":35,"column":1}},"12":{"start":{"line":23,"column":42},"end":{"line":35,"column":1}},"13":{"start":{"line":24,"column":2},"end":{"line":34,"column":3}},"14":{"start":{"line":25,"column":4},"end":{"line":25,"column":34}},"15":{"start":{"line":26,"column":16},"end":{"line":26,"column":68}},"16":{"start":{"line":27,"column":4},"end":{"line":30,"column":7}},"17":{"start":{"line":31,"column":4},"end":{"line":31,"column":32}},"18":{"start":{"line":33,"column":4},"end":{"line":33,"column":26}}},"fnMap":{"0":{"name":"(anonymous_0)","decl":{"start":{"line":5,"column":33},"end":{"line":5,"column":34}},"loc":{"start":{"line":5,"column":41},"end":{"line":21,"column":1}},"line":5},"1":{"name":"(anonymous_1)","decl":{"start":{"line":5,"column":41},"end":{"line":5,"column":42}},"loc":{"start":{"line":5,"column":59},"end":{"line":21,"column":1}},"line":5},"2":{"name":"(anonymous_2)","decl":{"start":{"line":10,"column":37},"end":{"line":10,"column":38}},"loc":{"start":{"line":10,"column":47},"end":{"line":12,"column":5}},"line":10},"3":{"name":"(anonymous_3)","decl":{"start":{"line":23,"column":34},"end":{"line":23,"column":35}},"loc":{"start":{"line":23,"column":42},"end":{"line":35,"column":1}},"line":23},"4":{"name":"(anonymous_4)","decl":{"start":{"line":23,"column":42},"end":{"line":23,"column":43}},"loc":{"start":{"line":23,"column":60},"end":{"line":35,"column":1}},"line":23}},"branchMap":{},"s":{"0":2,"1":2,"2":2,"3":2,"4":2,"5":1,"6":1,"7":0,"8":0,"9":0,"10":1,"11":2,"12":2,"13":2,"14":2,"15":2,"16":1,"17":0,"18":1},"f":{"0":2,"1":2,"2":0,"3":2,"4":2},"b":{},"_coverageSchema":"1a1c01bbd47fc00a2c39e90264f33305004495a9","hash":"1ae14163627e2e5e7eb440a2edeb28aad7902d86"}
,"/Users/dhabrije/Projects/pokedexapp/src/redux/actions/home.js": {"path":"/Users/dhabrije/Projects/pokedexapp/src/redux/actions/home.js","statementMap":{"0":{"start":{"line":5,"column":32},"end":{"line":14,"column":1}},"1":{"start":{"line":5,"column":40},"end":{"line":14,"column":1}},"2":{"start":{"line":6,"column":2},"end":{"line":13,"column":3}},"3":{"start":{"line":7,"column":4},"end":{"line":7,"column":34}},"4":{"start":{"line":8,"column":16},"end":{"line":8,"column":66}},"5":{"start":{"line":9,"column":4},"end":{"line":9,"column":32}},"6":{"start":{"line":10,"column":4},"end":{"line":10,"column":28}},"7":{"start":{"line":12,"column":4},"end":{"line":12,"column":26}},"8":{"start":{"line":17,"column":2},"end":{"line":39,"column":3}},"9":{"start":{"line":18,"column":2},"end":{"line":39,"column":3}},"10":{"start":{"line":19,"column":4},"end":{"line":38,"column":5}},"11":{"start":{"line":20,"column":6},"end":{"line":20,"column":36}},"12":{"start":{"line":21,"column":18},"end":{"line":24,"column":8}},"13":{"start":{"line":25,"column":23},"end":{"line":30,"column":8}},"14":{"start":{"line":26,"column":24},"end":{"line":28,"column":9}},"15":{"start":{"line":29,"column":8},"end":{"line":29,"column":28}},"16":{"start":{"line":31,"column":6},"end":{"line":34,"column":9}},"17":{"start":{"line":35,"column":6},"end":{"line":35,"column":34}},"18":{"start":{"line":37,"column":6},"end":{"line":37,"column":28}},"19":{"start":{"line":41,"column":30},"end":{"line":54,"column":1}},"20":{"start":{"line":41,"column":36},"end":{"line":54,"column":1}},"21":{"start":{"line":42,"column":2},"end":{"line":53,"column":3}},"22":{"start":{"line":43,"column":4},"end":{"line":43,"column":34}},"23":{"start":{"line":44,"column":16},"end":{"line":44,"column":55}},"24":{"start":{"line":45,"column":4},"end":{"line":48,"column":7}},"25":{"start":{"line":49,"column":4},"end":{"line":49,"column":32}},"26":{"start":{"line":51,"column":4},"end":{"line":51,"column":23}},"27":{"start":{"line":52,"column":4},"end":{"line":52,"column":26}},"28":{"start":{"line":56,"column":32},"end":{"line":87,"column":1}},"29":{"start":{"line":56,"column":38},"end":{"line":87,"column":1}},"30":{"start":{"line":57,"column":2},"end":{"line":86,"column":3}},"31":{"start":{"line":58,"column":4},"end":{"line":58,"column":34}},"32":{"start":{"line":59,"column":22},"end":{"line":59,"column":65}},"33":{"start":{"line":60,"column":20},"end":{"line":60,"column":63}},"34":{"start":{"line":61,"column":26},"end":{"line":61,"column":69}},"35":{"start":{"line":63,"column":19},"end":{"line":65,"column":5}},"36":{"start":{"line":64,"column":13},"end":{"line":64,"column":37}},"37":{"start":{"line":67,"column":17},"end":{"line":69,"column":5}},"38":{"start":{"line":68,"column":13},"end":{"line":68,"column":37}},"39":{"start":{"line":71,"column":23},"end":{"line":73,"column":5}},"40":{"start":{"line":72,"column":13},"end":{"line":72,"column":37}},"41":{"start":{"line":75,"column":4},"end":{"line":82,"column":7}},"42":{"start":{"line":83,"column":4},"end":{"line":83,"column":32}},"43":{"start":{"line":85,"column":4},"end":{"line":85,"column":26}}},"fnMap":{"0":{"name":"(anonymous_0)","decl":{"start":{"line":5,"column":32},"end":{"line":5,"column":33}},"loc":{"start":{"line":5,"column":40},"end":{"line":14,"column":1}},"line":5},"1":{"name":"(anonymous_1)","decl":{"start":{"line":5,"column":40},"end":{"line":5,"column":41}},"loc":{"start":{"line":5,"column":58},"end":{"line":14,"column":1}},"line":5},"2":{"name":"(anonymous_2)","decl":{"start":{"line":17,"column":2},"end":{"line":17,"column":3}},"loc":{"start":{"line":18,"column":2},"end":{"line":39,"column":3}},"line":18},"3":{"name":"(anonymous_3)","decl":{"start":{"line":18,"column":2},"end":{"line":18,"column":3}},"loc":{"start":{"line":18,"column":20},"end":{"line":39,"column":3}},"line":18},"4":{"name":"(anonymous_4)","decl":{"start":{"line":25,"column":44},"end":{"line":25,"column":45}},"loc":{"start":{"line":25,"column":61},"end":{"line":30,"column":7}},"line":25},"5":{"name":"(anonymous_5)","decl":{"start":{"line":41,"column":30},"end":{"line":41,"column":31}},"loc":{"start":{"line":41,"column":36},"end":{"line":54,"column":1}},"line":41},"6":{"name":"(anonymous_6)","decl":{"start":{"line":41,"column":36},"end":{"line":41,"column":37}},"loc":{"start":{"line":41,"column":54},"end":{"line":54,"column":1}},"line":41},"7":{"name":"(anonymous_7)","decl":{"start":{"line":56,"column":32},"end":{"line":56,"column":33}},"loc":{"start":{"line":56,"column":38},"end":{"line":87,"column":1}},"line":56},"8":{"name":"(anonymous_8)","decl":{"start":{"line":56,"column":38},"end":{"line":56,"column":39}},"loc":{"start":{"line":56,"column":56},"end":{"line":87,"column":1}},"line":56},"9":{"name":"(anonymous_9)","decl":{"start":{"line":64,"column":6},"end":{"line":64,"column":7}},"loc":{"start":{"line":64,"column":13},"end":{"line":64,"column":37}},"line":64},"10":{"name":"(anonymous_10)","decl":{"start":{"line":68,"column":6},"end":{"line":68,"column":7}},"loc":{"start":{"line":68,"column":13},"end":{"line":68,"column":37}},"line":68},"11":{"name":"(anonymous_11)","decl":{"start":{"line":72,"column":6},"end":{"line":72,"column":7}},"loc":{"start":{"line":72,"column":13},"end":{"line":72,"column":37}},"line":72}},"branchMap":{"0":{"loc":{"start":{"line":17,"column":3},"end":{"line":17,"column":13}},"type":"default-arg","locations":[{"start":{"line":17,"column":12},"end":{"line":17,"column":13}}],"line":17}},"s":{"0":3,"1":1,"2":1,"3":1,"4":1,"5":1,"6":1,"7":1,"8":3,"9":1,"10":1,"11":1,"12":1,"13":1,"14":0,"15":0,"16":0,"17":0,"18":1,"19":3,"20":1,"21":1,"22":1,"23":1,"24":1,"25":0,"26":1,"27":1,"28":3,"29":1,"30":1,"31":1,"32":1,"33":1,"34":1,"35":1,"36":0,"37":0,"38":0,"39":0,"40":0,"41":0,"42":0,"43":1},"f":{"0":1,"1":1,"2":1,"3":1,"4":0,"5":1,"6":1,"7":1,"8":1,"9":0,"10":0,"11":0},"b":{"0":[1]},"_coverageSchema":"1a1c01bbd47fc00a2c39e90264f33305004495a9","hash":"03063b0cb283784db6744ae0da69a44eb35b9cbd"}
,"/Users/dhabrije/Projects/pokedexapp/src/redux/actions/loader.js": {"path":"/Users/dhabrije/Projects/pokedexapp/src/redux/actions/loader.js","statementMap":{"0":{"start":{"line":3,"column":27},"end":{"line":7,"column":1}},"1":{"start":{"line":3,"column":33},"end":{"line":7,"column":1}},"2":{"start":{"line":4,"column":2},"end":{"line":6,"column":5}},"3":{"start":{"line":9,"column":25},"end":{"line":13,"column":1}},"4":{"start":{"line":9,"column":31},"end":{"line":13,"column":1}},"5":{"start":{"line":10,"column":2},"end":{"line":12,"column":5}}},"fnMap":{"0":{"name":"(anonymous_0)","decl":{"start":{"line":3,"column":27},"end":{"line":3,"column":28}},"loc":{"start":{"line":3,"column":33},"end":{"line":7,"column":1}},"line":3},"1":{"name":"(anonymous_1)","decl":{"start":{"line":3,"column":33},"end":{"line":3,"column":34}},"loc":{"start":{"line":3,"column":51},"end":{"line":7,"column":1}},"line":3},"2":{"name":"(anonymous_2)","decl":{"start":{"line":9,"column":25},"end":{"line":9,"column":26}},"loc":{"start":{"line":9,"column":31},"end":{"line":13,"column":1}},"line":9},"3":{"name":"(anonymous_3)","decl":{"start":{"line":9,"column":31},"end":{"line":9,"column":32}},"loc":{"start":{"line":9,"column":49},"end":{"line":13,"column":1}},"line":9}},"branchMap":{},"s":{"0":5,"1":9,"2":2,"3":5,"4":8,"5":0},"f":{"0":9,"1":2,"2":8,"3":0},"b":{},"_coverageSchema":"1a1c01bbd47fc00a2c39e90264f33305004495a9","hash":"35e67921d6b14f1a04cc600400fdb98b10541273"}
,"/Users/dhabrije/Projects/pokedexapp/src/redux/reducers/detail.js": {"path":"/Users/dhabrije/Projects/pokedexapp/src/redux/reducers/detail.js","statementMap":{"0":{"start":{"line":3,"column":21},"end":{"line":6,"column":1}},"1":{"start":{"line":9,"column":2},"end":{"line":22,"column":3}},"2":{"start":{"line":11,"column":6},"end":{"line":14,"column":8}},"3":{"start":{"line":16,"column":6},"end":{"line":19,"column":8}},"4":{"start":{"line":21,"column":6},"end":{"line":21,"column":19}}},"fnMap":{"0":{"name":"(anonymous_0)","decl":{"start":{"line":8,"column":15},"end":{"line":8,"column":16}},"loc":{"start":{"line":8,"column":49},"end":{"line":23,"column":1}},"line":8}},"branchMap":{"0":{"loc":{"start":{"line":8,"column":16},"end":{"line":8,"column":36}},"type":"default-arg","locations":[{"start":{"line":8,"column":24},"end":{"line":8,"column":36}}],"line":8},"1":{"loc":{"start":{"line":9,"column":2},"end":{"line":22,"column":3}},"type":"switch","locations":[{"start":{"line":10,"column":4},"end":{"line":14,"column":8}},{"start":{"line":15,"column":4},"end":{"line":19,"column":8}},{"start":{"line":20,"column":4},"end":{"line":21,"column":19}}],"line":9}},"s":{"0":1,"1":2,"2":1,"3":1,"4":0},"f":{"0":2},"b":{"0":[0],"1":[1,1,0]},"_coverageSchema":"1a1c01bbd47fc00a2c39e90264f33305004495a9","hash":"4527e6a4d88310932f197e71a61fc33c251f7142"}
,"/Users/dhabrije/Projects/pokedexapp/src/redux/reducers/home.js": {"path":"/Users/dhabrije/Projects/pokedexapp/src/redux/reducers/home.js","statementMap":{"0":{"start":{"line":3,"column":21},"end":{"line":7,"column":1}},"1":{"start":{"line":10,"column":2},"end":{"line":28,"column":3}},"2":{"start":{"line":12,"column":6},"end":{"line":15,"column":8}},"3":{"start":{"line":17,"column":6},"end":{"line":20,"column":8}},"4":{"start":{"line":22,"column":6},"end":{"line":25,"column":8}},"5":{"start":{"line":27,"column":6},"end":{"line":27,"column":19}}},"fnMap":{"0":{"name":"(anonymous_0)","decl":{"start":{"line":9,"column":15},"end":{"line":9,"column":16}},"loc":{"start":{"line":9,"column":49},"end":{"line":29,"column":1}},"line":9}},"branchMap":{"0":{"loc":{"start":{"line":9,"column":16},"end":{"line":9,"column":36}},"type":"default-arg","locations":[{"start":{"line":9,"column":24},"end":{"line":9,"column":36}}],"line":9},"1":{"loc":{"start":{"line":10,"column":2},"end":{"line":28,"column":3}},"type":"switch","locations":[{"start":{"line":11,"column":4},"end":{"line":15,"column":8}},{"start":{"line":16,"column":4},"end":{"line":20,"column":8}},{"start":{"line":21,"column":4},"end":{"line":25,"column":8}},{"start":{"line":26,"column":4},"end":{"line":27,"column":19}}],"line":10}},"s":{"0":1,"1":3,"2":1,"3":1,"4":1,"5":0},"f":{"0":3},"b":{"0":[0],"1":[1,1,1,0]},"_coverageSchema":"1a1c01bbd47fc00a2c39e90264f33305004495a9","hash":"5624ab95a51f863f7e2b33a0d252ad3cb63d4984"}
,"/Users/dhabrije/Projects/pokedexapp/src/redux/reducers/loader.js": {"path":"/Users/dhabrije/Projects/pokedexapp/src/redux/reducers/loader.js","statementMap":{"0":{"start":{"line":3,"column":22},"end":{"line":5,"column":1}},"1":{"start":{"line":7,"column":22},"end":{"line":22,"column":1}},"2":{"start":{"line":8,"column":2},"end":{"line":21,"column":3}},"3":{"start":{"line":10,"column":6},"end":{"line":13,"column":8}},"4":{"start":{"line":15,"column":6},"end":{"line":18,"column":8}},"5":{"start":{"line":20,"column":6},"end":{"line":20,"column":19}}},"fnMap":{"0":{"name":"(anonymous_0)","decl":{"start":{"line":7,"column":22},"end":{"line":7,"column":23}},"loc":{"start":{"line":7,"column":57},"end":{"line":22,"column":1}},"line":7}},"branchMap":{"0":{"loc":{"start":{"line":7,"column":23},"end":{"line":7,"column":44}},"type":"default-arg","locations":[{"start":{"line":7,"column":31},"end":{"line":7,"column":44}}],"line":7},"1":{"loc":{"start":{"line":8,"column":2},"end":{"line":21,"column":3}},"type":"switch","locations":[{"start":{"line":9,"column":4},"end":{"line":13,"column":8}},{"start":{"line":14,"column":4},"end":{"line":18,"column":8}},{"start":{"line":19,"column":4},"end":{"line":20,"column":19}}],"line":8}},"s":{"0":1,"1":1,"2":2,"3":1,"4":1,"5":0},"f":{"0":2},"b":{"0":[0],"1":[1,1,0]},"_coverageSchema":"1a1c01bbd47fc00a2c39e90264f33305004495a9","hash":"6f7ef7a4ccede8736f9dbff51c97b888afbff6b0"}
,"/Users/dhabrije/Projects/pokedexapp/src/redux/types/detail.js": {"path":"/Users/dhabrije/Projects/pokedexapp/src/redux/types/detail.js","statementMap":{"0":{"start":{"line":1,"column":26},"end":{"line":5,"column":1}}},"fnMap":{},"branchMap":{},"s":{"0":3},"f":{},"b":{},"_coverageSchema":"1a1c01bbd47fc00a2c39e90264f33305004495a9","hash":"dc41b31c538ed99271cffda08a5492cdfa9a223b"}
,"/Users/dhabrije/Projects/pokedexapp/src/redux/types/home.js": {"path":"/Users/dhabrije/Projects/pokedexapp/src/redux/types/home.js","statementMap":{"0":{"start":{"line":1,"column":24},"end":{"line":8,"column":1}}},"fnMap":{},"branchMap":{},"s":{"0":4},"f":{},"b":{},"_coverageSchema":"1a1c01bbd47fc00a2c39e90264f33305004495a9","hash":"124261d0bd483b17d392c695e2c8580b0189a20c"}
,"/Users/dhabrije/Projects/pokedexapp/src/redux/types/loader.js": {"path":"/Users/dhabrije/Projects/pokedexapp/src/redux/types/loader.js","statementMap":{"0":{"start":{"line":1,"column":20},"end":{"line":4,"column":1}}},"fnMap":{},"branchMap":{},"s":{"0":6},"f":{},"b":{},"_coverageSchema":"1a1c01bbd47fc00a2c39e90264f33305004495a9","hash":"fba20131c208e65fac1e8b96589f48bd811d5b71"}
,"/Users/dhabrije/Projects/pokedexapp/src/services/api.service.js": {"path":"/Users/dhabrije/Projects/pokedexapp/src/services/api.service.js","statementMap":{"0":{"start":{"line":5,"column":4},"end":{"line":5,"column":47}},"1":{"start":{"line":6,"column":4},"end":{"line":8,"column":7}},"2":{"start":{"line":12,"column":4},"end":{"line":31,"column":7}},"3":{"start":{"line":13,"column":6},"end":{"line":30,"column":11}},"4":{"start":{"line":18,"column":10},"end":{"line":22,"column":13}},"5":{"start":{"line":25,"column":10},"end":{"line":29,"column":13}}},"fnMap":{"0":{"name":"(anonymous_0)","decl":{"start":{"line":4,"column":2},"end":{"line":4,"column":3}},"loc":{"start":{"line":4,"column":16},"end":{"line":9,"column":3}},"line":4},"1":{"name":"(anonymous_1)","decl":{"start":{"line":11,"column":2},"end":{"line":11,"column":3}},"loc":{"start":{"line":11,"column":28},"end":{"line":32,"column":3}},"line":11},"2":{"name":"(anonymous_2)","decl":{"start":{"line":12,"column":23},"end":{"line":12,"column":24}},"loc":{"start":{"line":12,"column":44},"end":{"line":31,"column":5}},"line":12},"3":{"name":"(anonymous_3)","decl":{"start":{"line":17,"column":14},"end":{"line":17,"column":15}},"loc":{"start":{"line":17,"column":21},"end":{"line":23,"column":9}},"line":17},"4":{"name":"(anonymous_4)","decl":{"start":{"line":24,"column":15},"end":{"line":24,"column":16}},"loc":{"start":{"line":24,"column":24},"end":{"line":30,"column":9}},"line":24}},"branchMap":{"0":{"loc":{"start":{"line":11,"column":15},"end":{"line":11,"column":26}},"type":"default-arg","locations":[{"start":{"line":11,"column":24},"end":{"line":11,"column":26}}],"line":11}},"s":{"0":4,"1":4,"2":2,"3":2,"4":0,"5":0},"f":{"0":4,"1":2,"2":2,"3":0,"4":0},"b":{"0":[2]},"_coverageSchema":"1a1c01bbd47fc00a2c39e90264f33305004495a9","hash":"78530cd9d5bc8fcd9bec21e727a7ba519f6ed49c"}
,"/Users/dhabrije/Projects/pokedexapp/src/utils/index.js": {"path":"/Users/dhabrije/Projects/pokedexapp/src/utils/index.js","statementMap":{"0":{"start":{"line":1,"column":32},"end":{"line":22,"column":1}}},"fnMap":{},"branchMap":{},"s":{"0":3},"f":{},"b":{},"_coverageSchema":"1a1c01bbd47fc00a2c39e90264f33305004495a9","hash":"34ceffd7f3b0cb172e9bc02ca0a388c4d0373ada"}
,"/Users/dhabrije/Projects/pokedexapp/src/utils/mock.js": {"path":"/Users/dhabrije/Projects/pokedexapp/src/utils/mock.js","statementMap":{"0":{"start":{"line":1,"column":23},"end":{"line":79,"column":1}},"1":{"start":{"line":81,"column":24},"end":{"line":32585,"column":1}},"2":{"start":{"line":32587,"column":20},"end":{"line":32608,"column":1}},"3":{"start":{"line":32610,"column":22},"end":{"line":32610,"column":66}}},"fnMap":{},"branchMap":{},"s":{"0":5,"1":5,"2":5,"3":5},"f":{},"b":{},"_coverageSchema":"1a1c01bbd47fc00a2c39e90264f33305004495a9","hash":"8f1c64254eb4bbecbba52dd30e46d8276942a1f8"}
,"/Users/dhabrije/Projects/pokedexapp/src/views/Home/Home.jsx": {"path":"/Users/dhabrije/Projects/pokedexapp/src/views/Home/Home.jsx","statementMap":{"0":{"start":{"line":17,"column":40},"end":{"line":17,"column":52}},"1":{"start":{"line":18,"column":30},"end":{"line":18,"column":41}},"2":{"start":{"line":19,"column":19},"end":{"line":19,"column":32}},"3":{"start":{"line":20,"column":19},"end":{"line":20,"column":60}},"4":{"start":{"line":20,"column":40},"end":{"line":20,"column":59}},"5":{"start":{"line":21,"column":17},"end":{"line":21,"column":59}},"6":{"start":{"line":21,"column":38},"end":{"line":21,"column":58}},"7":{"start":{"line":22,"column":15},"end":{"line":29,"column":3}},"8":{"start":{"line":30,"column":18},"end":{"line":30,"column":57}},"9":{"start":{"line":30,"column":39},"end":{"line":30,"column":56}},"10":{"start":{"line":31,"column":30},"end":{"line":31,"column":45}},"11":{"start":{"line":32,"column":36},"end":{"line":32,"column":48}},"12":{"start":{"line":33,"column":28},"end":{"line":33,"column":43}},"13":{"start":{"line":34,"column":24},"end":{"line":41,"column":4}},"14":{"start":{"line":42,"column":26},"end":{"line":49,"column":4}},"15":{"start":{"line":50,"column":30},"end":{"line":50,"column":40}},"16":{"start":{"line":52,"column":2},"end":{"line":54,"column":9}},"17":{"start":{"line":53,"column":4},"end":{"line":53,"column":17}},"18":{"start":{"line":56,"column":21},"end":{"line":62,"column":3}},"19":{"start":{"line":57,"column":4},"end":{"line":57,"column":34}},"20":{"start":{"line":58,"column":4},"end":{"line":58,"column":34}},"21":{"start":{"line":59,"column":4},"end":{"line":59,"column":37}},"22":{"start":{"line":60,"column":4},"end":{"line":60,"column":39}},"23":{"start":{"line":61,"column":4},"end":{"line":61,"column":32}},"24":{"start":{"line":64,"column":24},"end":{"line":67,"column":3}},"25":{"start":{"line":65,"column":4},"end":{"line":65,"column":33}},"26":{"start":{"line":66,"column":4},"end":{"line":66,"column":21}},"27":{"start":{"line":69,"column":24},"end":{"line":115,"column":60}},"28":{"start":{"line":71,"column":6},"end":{"line":77,"column":18}},"29":{"start":{"line":74,"column":14},"end":{"line":75,"column":68}},"30":{"start":{"line":78,"column":4},"end":{"line":113,"column":5}},"31":{"start":{"line":79,"column":6},"end":{"line":91,"column":7}},"32":{"start":{"line":80,"column":8},"end":{"line":90,"column":44}},"33":{"start":{"line":82,"column":12},"end":{"line":88,"column":23}},"34":{"start":{"line":84,"column":16},"end":{"line":84,"column":74}},"35":{"start":{"line":84,"column":42},"end":{"line":84,"column":56}},"36":{"start":{"line":90,"column":28},"end":{"line":90,"column":42}},"37":{"start":{"line":93,"column":6},"end":{"line":106,"column":42}},"38":{"start":{"line":95,"column":10},"end":{"line":104,"column":21}},"39":{"start":{"line":98,"column":16},"end":{"line":100,"column":53}},"40":{"start":{"line":106,"column":26},"end":{"line":106,"column":40}},"41":{"start":{"line":108,"column":6},"end":{"line":112,"column":25}},"42":{"start":{"line":110,"column":12},"end":{"line":110,"column":50}},"43":{"start":{"line":114,"column":4},"end":{"line":114,"column":26}},"44":{"start":{"line":117,"column":2},"end":{"line":129,"column":3}},"45":{"start":{"line":118,"column":4},"end":{"line":128,"column":6}},"46":{"start":{"line":123,"column":33},"end":{"line":123,"column":52}},"47":{"start":{"line":124,"column":28},"end":{"line":124,"column":42}},"48":{"start":{"line":130,"column":2},"end":{"line":192,"column":4}},"49":{"start":{"line":132,"column":24},"end":{"line":132,"column":38}},"50":{"start":{"line":133,"column":27},"end":{"line":133,"column":44}},"51":{"start":{"line":135,"column":24},"end":{"line":135,"column":38}},"52":{"start":{"line":138,"column":21},"end":{"line":138,"column":32}},"53":{"start":{"line":139,"column":22},"end":{"line":139,"column":34}},"54":{"start":{"line":140,"column":23},"end":{"line":140,"column":36}},"55":{"start":{"line":149,"column":31},"end":{"line":149,"column":50}},"56":{"start":{"line":150,"column":26},"end":{"line":150,"column":40}},"57":{"start":{"line":158,"column":12},"end":{"line":161,"column":41}},"58":{"start":{"line":164,"column":27},"end":{"line":164,"column":52}},"59":{"start":{"line":166,"column":35},"end":{"line":166,"column":53}},"60":{"start":{"line":169,"column":12},"end":{"line":176,"column":14}}},"fnMap":{"0":{"name":"Home","decl":{"start":{"line":16,"column":9},"end":{"line":16,"column":13}},"loc":{"start":{"line":16,"column":28},"end":{"line":193,"column":1}},"line":16},"1":{"name":"(anonymous_1)","decl":{"start":{"line":20,"column":31},"end":{"line":20,"column":32}},"loc":{"start":{"line":20,"column":40},"end":{"line":20,"column":59}},"line":20},"2":{"name":"(anonymous_2)","decl":{"start":{"line":21,"column":29},"end":{"line":21,"column":30}},"loc":{"start":{"line":21,"column":38},"end":{"line":21,"column":58}},"line":21},"3":{"name":"(anonymous_3)","decl":{"start":{"line":30,"column":30},"end":{"line":30,"column":31}},"loc":{"start":{"line":30,"column":39},"end":{"line":30,"column":56}},"line":30},"4":{"name":"(anonymous_4)","decl":{"start":{"line":52,"column":12},"end":{"line":52,"column":13}},"loc":{"start":{"line":52,"column":18},"end":{"line":54,"column":3}},"line":52},"5":{"name":"(anonymous_5)","decl":{"start":{"line":56,"column":21},"end":{"line":56,"column":22}},"loc":{"start":{"line":56,"column":33},"end":{"line":62,"column":3}},"line":56},"6":{"name":"(anonymous_6)","decl":{"start":{"line":64,"column":24},"end":{"line":64,"column":25}},"loc":{"start":{"line":64,"column":33},"end":{"line":67,"column":3}},"line":64},"7":{"name":"(anonymous_7)","decl":{"start":{"line":69,"column":32},"end":{"line":69,"column":33}},"loc":{"start":{"line":69,"column":38},"end":{"line":115,"column":3}},"line":69},"8":{"name":"(anonymous_8)","decl":{"start":{"line":73,"column":12},"end":{"line":73,"column":13}},"loc":{"start":{"line":74,"column":14},"end":{"line":75,"column":68}},"line":74},"9":{"name":"(anonymous_9)","decl":{"start":{"line":81,"column":15},"end":{"line":81,"column":16}},"loc":{"start":{"line":82,"column":12},"end":{"line":88,"column":23}},"line":82},"10":{"name":"(anonymous_10)","decl":{"start":{"line":83,"column":19},"end":{"line":83,"column":20}},"loc":{"start":{"line":84,"column":16},"end":{"line":84,"column":74}},"line":84},"11":{"name":"(anonymous_11)","decl":{"start":{"line":84,"column":34},"end":{"line":84,"column":35}},"loc":{"start":{"line":84,"column":42},"end":{"line":84,"column":56}},"line":84},"12":{"name":"(anonymous_12)","decl":{"start":{"line":90,"column":18},"end":{"line":90,"column":19}},"loc":{"start":{"line":90,"column":28},"end":{"line":90,"column":42}},"line":90},"13":{"name":"(anonymous_13)","decl":{"start":{"line":94,"column":13},"end":{"line":94,"column":14}},"loc":{"start":{"line":95,"column":10},"end":{"line":104,"column":21}},"line":95},"14":{"name":"(anonymous_14)","decl":{"start":{"line":97,"column":14},"end":{"line":97,"column":15}},"loc":{"start":{"line":98,"column":16},"end":{"line":100,"column":53}},"line":98},"15":{"name":"(anonymous_15)","decl":{"start":{"line":106,"column":16},"end":{"line":106,"column":17}},"loc":{"start":{"line":106,"column":26},"end":{"line":106,"column":40}},"line":106},"16":{"name":"(anonymous_16)","decl":{"start":{"line":109,"column":32},"end":{"line":109,"column":33}},"loc":{"start":{"line":110,"column":12},"end":{"line":110,"column":50}},"line":110},"17":{"name":"(anonymous_17)","decl":{"start":{"line":123,"column":26},"end":{"line":123,"column":27}},"loc":{"start":{"line":123,"column":33},"end":{"line":123,"column":52}},"line":123},"18":{"name":"(anonymous_18)","decl":{"start":{"line":124,"column":21},"end":{"line":124,"column":22}},"loc":{"start":{"line":124,"column":28},"end":{"line":124,"column":42}},"line":124},"19":{"name":"(anonymous_19)","decl":{"start":{"line":132,"column":17},"end":{"line":132,"column":18}},"loc":{"start":{"line":132,"column":24},"end":{"line":132,"column":38}},"line":132},"20":{"name":"(anonymous_20)","decl":{"start":{"line":133,"column":20},"end":{"line":133,"column":21}},"loc":{"start":{"line":133,"column":27},"end":{"line":133,"column":44}},"line":133},"21":{"name":"(anonymous_21)","decl":{"start":{"line":135,"column":17},"end":{"line":135,"column":18}},"loc":{"start":{"line":135,"column":24},"end":{"line":135,"column":38}},"line":135},"22":{"name":"(anonymous_22)","decl":{"start":{"line":138,"column":14},"end":{"line":138,"column":15}},"loc":{"start":{"line":138,"column":21},"end":{"line":138,"column":32}},"line":138},"23":{"name":"(anonymous_23)","decl":{"start":{"line":139,"column":15},"end":{"line":139,"column":16}},"loc":{"start":{"line":139,"column":22},"end":{"line":139,"column":34}},"line":139},"24":{"name":"(anonymous_24)","decl":{"start":{"line":140,"column":16},"end":{"line":140,"column":17}},"loc":{"start":{"line":140,"column":23},"end":{"line":140,"column":36}},"line":140},"25":{"name":"(anonymous_25)","decl":{"start":{"line":149,"column":24},"end":{"line":149,"column":25}},"loc":{"start":{"line":149,"column":31},"end":{"line":149,"column":50}},"line":149},"26":{"name":"(anonymous_26)","decl":{"start":{"line":150,"column":19},"end":{"line":150,"column":20}},"loc":{"start":{"line":150,"column":26},"end":{"line":150,"column":40}},"line":150},"27":{"name":"(anonymous_27)","decl":{"start":{"line":157,"column":24},"end":{"line":157,"column":25}},"loc":{"start":{"line":157,"column":30},"end":{"line":162,"column":11}},"line":157},"28":{"name":"(anonymous_28)","decl":{"start":{"line":164,"column":21},"end":{"line":164,"column":22}},"loc":{"start":{"line":164,"column":27},"end":{"line":164,"column":52}},"line":164},"29":{"name":"(anonymous_29)","decl":{"start":{"line":166,"column":24},"end":{"line":166,"column":25}},"loc":{"start":{"line":166,"column":35},"end":{"line":166,"column":53}},"line":166},"30":{"name":"(anonymous_30)","decl":{"start":{"line":168,"column":22},"end":{"line":168,"column":23}},"loc":{"start":{"line":168,"column":41},"end":{"line":177,"column":11}},"line":168}},"branchMap":{"0":{"loc":{"start":{"line":71,"column":6},"end":{"line":77,"column":18}},"type":"cond-expr","locations":[{"start":{"line":72,"column":10},"end":{"line":76,"column":11}},{"start":{"line":77,"column":10},"end":{"line":77,"column":18}}],"line":71},"1":{"loc":{"start":{"line":74,"column":14},"end":{"line":75,"column":68}},"type":"binary-expr","locations":[{"start":{"line":74,"column":14},"end":{"line":74,"column":62}},{"start":{"line":75,"column":14},"end":{"line":75,"column":68}}],"line":74},"2":{"loc":{"start":{"line":78,"column":4},"end":{"line":113,"column":5}},"type":"if","locations":[{"start":{"line":78,"column":4},"end":{"line":113,"column":5}},{"start":{},"end":{}}],"line":78},"3":{"loc":{"start":{"line":79,"column":6},"end":{"line":91,"column":7}},"type":"if","locations":[{"start":{"line":79,"column":6},"end":{"line":91,"column":7}},{"start":{},"end":{}}],"line":79},"4":{"loc":{"start":{"line":82,"column":12},"end":{"line":88,"column":23}},"type":"cond-expr","locations":[{"start":{"line":87,"column":16},"end":{"line":87,"column":18}},{"start":{"line":88,"column":16},"end":{"line":88,"column":23}}],"line":82},"5":{"loc":{"start":{"line":95,"column":10},"end":{"line":104,"column":21}},"type":"cond-expr","locations":[{"start":{"line":103,"column":14},"end":{"line":103,"column":16}},{"start":{"line":104,"column":14},"end":{"line":104,"column":21}}],"line":95},"6":{"loc":{"start":{"line":98,"column":16},"end":{"line":100,"column":53}},"type":"binary-expr","locations":[{"start":{"line":98,"column":16},"end":{"line":98,"column":57}},{"start":{"line":99,"column":16},"end":{"line":99,"column":52}},{"start":{"line":100,"column":16},"end":{"line":100,"column":53}}],"line":98},"7":{"loc":{"start":{"line":108,"column":13},"end":{"line":112,"column":24}},"type":"cond-expr","locations":[{"start":{"line":109,"column":10},"end":{"line":111,"column":11}},{"start":{"line":112,"column":10},"end":{"line":112,"column":24}}],"line":108},"8":{"loc":{"start":{"line":117,"column":2},"end":{"line":129,"column":3}},"type":"if","locations":[{"start":{"line":117,"column":2},"end":{"line":129,"column":3}},{"start":{},"end":{}}],"line":117},"9":{"loc":{"start":{"line":117,"column":6},"end":{"line":117,"column":27}},"type":"binary-expr","locations":[{"start":{"line":117,"column":6},"end":{"line":117,"column":12}},{"start":{"line":117,"column":16},"end":{"line":117,"column":27}}],"line":117},"10":{"loc":{"start":{"line":130,"column":9},"end":{"line":192,"column":3}},"type":"cond-expr","locations":[{"start":{"line":131,"column":4},"end":{"line":143,"column":6}},{"start":{"line":145,"column":4},"end":{"line":191,"column":11}}],"line":130},"11":{"loc":{"start":{"line":152,"column":7},"end":{"line":190,"column":7}},"type":"cond-expr","locations":[{"start":{"line":153,"column":8},"end":{"line":180,"column":10}},{"start":{"line":182,"column":8},"end":{"line":189,"column":15}}],"line":152},"12":{"loc":{"start":{"line":158,"column":12},"end":{"line":161,"column":40}},"type":"binary-expr","locations":[{"start":{"line":158,"column":12},"end":{"line":158,"column":18}},{"start":{"line":159,"column":14},"end":{"line":159,"column":37}},{"start":{"line":160,"column":14},"end":{"line":160,"column":38}},{"start":{"line":161,"column":14},"end":{"line":161,"column":40}}],"line":158},"13":{"loc":{"start":{"line":179,"column":31},"end":{"line":179,"column":77}},"type":"cond-expr","locations":[{"start":{"line":179,"column":40},"end":{"line":179,"column":61}},{"start":{"line":179,"column":64},"end":{"line":179,"column":77}}],"line":179}},"s":{"0":1,"1":1,"2":1,"3":1,"4":1,"5":1,"6":1,"7":1,"8":1,"9":1,"10":1,"11":1,"12":1,"13":1,"14":1,"15":1,"16":1,"17":0,"18":1,"19":0,"20":0,"21":0,"22":0,"23":0,"24":1,"25":0,"26":0,"27":1,"28":1,"29":0,"30":1,"31":0,"32":0,"33":0,"34":0,"35":0,"36":0,"37":0,"38":0,"39":0,"40":0,"41":0,"42":0,"43":1,"44":1,"45":0,"46":0,"47":0,"48":1,"49":0,"50":0,"51":0,"52":0,"53":0,"54":0,"55":0,"56":0,"57":0,"58":0,"59":3,"60":0},"f":{"0":1,"1":1,"2":1,"3":1,"4":0,"5":0,"6":0,"7":1,"8":0,"9":0,"10":0,"11":0,"12":0,"13":0,"14":0,"15":0,"16":0,"17":0,"18":0,"19":0,"20":0,"21":0,"22":0,"23":0,"24":0,"25":0,"26":0,"27":0,"28":0,"29":3,"30":0},"b":{"0":[0,1],"1":[0,0],"2":[0,1],"3":[0,0],"4":[0,0],"5":[0,0],"6":[0,0,0],"7":[0,0],"8":[0,1],"9":[1,0],"10":[0,1],"11":[1,0],"12":[0,0,0,0],"13":[0,1]},"_coverageSchema":"1a1c01bbd47fc00a2c39e90264f33305004495a9","hash":"70f02d882511aad442b403ad48d29a9d7084a322"}
,"/Users/dhabrije/Projects/pokedexapp/src/views/Home/Style.jsx": {"path":"/Users/dhabrije/Projects/pokedexapp/src/views/Home/Style.jsx","statementMap":{"0":{"start":{"line":3,"column":15},"end":{"line":11,"column":2}}},"fnMap":{},"branchMap":{},"s":{"0":1},"f":{},"b":{},"_coverageSchema":"1a1c01bbd47fc00a2c39e90264f33305004495a9","hash":"3afa91be08bc58bff95fb8c7ba533407a3d6ae0f"}
,"/Users/dhabrije/Projects/pokedexapp/src/views/Pokemon/Pokemon.jsx": {"path":"/Users/dhabrije/Projects/pokedexapp/src/views/Pokemon/Pokemon.jsx","statementMap":{"0":{"start":{"line":15,"column":17},"end":{"line":15,"column":40}},"1":{"start":{"line":16,"column":18},"end":{"line":16,"column":32}},"2":{"start":{"line":17,"column":19},"end":{"line":17,"column":32}},"3":{"start":{"line":18,"column":24},"end":{"line":18,"column":72}},"4":{"start":{"line":18,"column":45},"end":{"line":18,"column":71}},"5":{"start":{"line":19,"column":17},"end":{"line":19,"column":56}},"6":{"start":{"line":19,"column":38},"end":{"line":19,"column":55}},"7":{"start":{"line":20,"column":14},"end":{"line":20,"column":52}},"8":{"start":{"line":20,"column":35},"end":{"line":20,"column":51}},"9":{"start":{"line":21,"column":19},"end":{"line":21,"column":60}},"10":{"start":{"line":21,"column":40},"end":{"line":21,"column":59}},"11":{"start":{"line":23,"column":2},"end":{"line":26,"column":9}},"12":{"start":{"line":24,"column":4},"end":{"line":24,"column":46}},"13":{"start":{"line":25,"column":4},"end":{"line":25,"column":45}},"14":{"start":{"line":28,"column":2},"end":{"line":32,"column":16}},"15":{"start":{"line":29,"column":4},"end":{"line":31,"column":5}},"16":{"start":{"line":30,"column":6},"end":{"line":30,"column":45}},"17":{"start":{"line":34,"column":2},"end":{"line":191,"column":4}},"18":{"start":{"line":44,"column":43},"end":{"line":44,"column":70}},"19":{"start":{"line":116,"column":32},"end":{"line":116,"column":52}},"20":{"start":{"line":130,"column":12},"end":{"line":139,"column":19}},"21":{"start":{"line":150,"column":16},"end":{"line":158,"column":18}},"22":{"start":{"line":155,"column":28},"end":{"line":155,"column":60}},"23":{"start":{"line":170,"column":14},"end":{"line":181,"column":16}},"24":{"start":{"line":178,"column":26},"end":{"line":178,"column":58}}},"fnMap":{"0":{"name":"Pokemon","decl":{"start":{"line":14,"column":9},"end":{"line":14,"column":16}},"loc":{"start":{"line":14,"column":31},"end":{"line":192,"column":1}},"line":14},"1":{"name":"(anonymous_1)","decl":{"start":{"line":18,"column":36},"end":{"line":18,"column":37}},"loc":{"start":{"line":18,"column":45},"end":{"line":18,"column":71}},"line":18},"2":{"name":"(anonymous_2)","decl":{"start":{"line":19,"column":29},"end":{"line":19,"column":30}},"loc":{"start":{"line":19,"column":38},"end":{"line":19,"column":55}},"line":19},"3":{"name":"(anonymous_3)","decl":{"start":{"line":20,"column":26},"end":{"line":20,"column":27}},"loc":{"start":{"line":20,"column":35},"end":{"line":20,"column":51}},"line":20},"4":{"name":"(anonymous_4)","decl":{"start":{"line":21,"column":31},"end":{"line":21,"column":32}},"loc":{"start":{"line":21,"column":40},"end":{"line":21,"column":59}},"line":21},"5":{"name":"(anonymous_5)","decl":{"start":{"line":23,"column":12},"end":{"line":23,"column":13}},"loc":{"start":{"line":23,"column":18},"end":{"line":26,"column":3}},"line":23},"6":{"name":"(anonymous_6)","decl":{"start":{"line":28,"column":12},"end":{"line":28,"column":13}},"loc":{"start":{"line":28,"column":18},"end":{"line":32,"column":3}},"line":28},"7":{"name":"(anonymous_7)","decl":{"start":{"line":44,"column":37},"end":{"line":44,"column":38}},"loc":{"start":{"line":44,"column":43},"end":{"line":44,"column":70}},"line":44},"8":{"name":"(anonymous_8)","decl":{"start":{"line":116,"column":21},"end":{"line":116,"column":22}},"loc":{"start":{"line":116,"column":32},"end":{"line":116,"column":52}},"line":116},"9":{"name":"(anonymous_9)","decl":{"start":{"line":129,"column":29},"end":{"line":129,"column":30}},"loc":{"start":{"line":130,"column":12},"end":{"line":139,"column":19}},"line":130},"10":{"name":"(anonymous_10)","decl":{"start":{"line":149,"column":23},"end":{"line":149,"column":24}},"loc":{"start":{"line":150,"column":16},"end":{"line":158,"column":18}},"line":150},"11":{"name":"(anonymous_11)","decl":{"start":{"line":155,"column":20},"end":{"line":155,"column":21}},"loc":{"start":{"line":155,"column":28},"end":{"line":155,"column":60}},"line":155},"12":{"name":"(anonymous_12)","decl":{"start":{"line":169,"column":21},"end":{"line":169,"column":22}},"loc":{"start":{"line":170,"column":14},"end":{"line":181,"column":16}},"line":170},"13":{"name":"(anonymous_13)","decl":{"start":{"line":178,"column":18},"end":{"line":178,"column":19}},"loc":{"start":{"line":178,"column":26},"end":{"line":178,"column":58}},"line":178}},"branchMap":{"0":{"loc":{"start":{"line":29,"column":4},"end":{"line":31,"column":5}},"type":"if","locations":[{"start":{"line":29,"column":4},"end":{"line":31,"column":5}},{"start":{},"end":{}}],"line":29},"1":{"loc":{"start":{"line":68,"column":16},"end":{"line":70,"column":36}},"type":"cond-expr","locations":[{"start":{"line":69,"column":20},"end":{"line":69,"column":62}},{"start":{"line":70,"column":20},"end":{"line":70,"column":36}}],"line":68},"2":{"loc":{"start":{"line":96,"column":15},"end":{"line":103,"column":30}},"type":"cond-expr","locations":[{"start":{"line":98,"column":18},"end":{"line":98,"column":32}},{"start":{"line":99,"column":18},"end":{"line":103,"column":30}}],"line":96},"3":{"loc":{"start":{"line":96,"column":15},"end":{"line":97,"column":50}},"type":"binary-expr","locations":[{"start":{"line":96,"column":15},"end":{"line":96,"column":49}},{"start":{"line":97,"column":14},"end":{"line":97,"column":50}}],"line":96},"4":{"loc":{"start":{"line":99,"column":18},"end":{"line":103,"column":30}},"type":"cond-expr","locations":[{"start":{"line":100,"column":18},"end":{"line":100,"column":24}},{"start":{"line":101,"column":18},"end":{"line":103,"column":30}}],"line":99},"5":{"loc":{"start":{"line":101,"column":18},"end":{"line":103,"column":30}},"type":"cond-expr","locations":[{"start":{"line":102,"column":18},"end":{"line":102,"column":26}},{"start":{"line":103,"column":18},"end":{"line":103,"column":30}}],"line":101},"6":{"loc":{"start":{"line":147,"column":11},"end":{"line":167,"column":11}},"type":"cond-expr","locations":[{"start":{"line":148,"column":12},"end":{"line":164,"column":31}},{"start":{"line":166,"column":12},"end":{"line":166,"column":25}}],"line":147},"7":{"loc":{"start":{"line":174,"column":18},"end":{"line":176,"column":37}},"type":"cond-expr","locations":[{"start":{"line":175,"column":22},"end":{"line":175,"column":30}},{"start":{"line":176,"column":22},"end":{"line":176,"column":37}}],"line":174}},"s":{"0":1,"1":1,"2":1,"3":1,"4":3,"5":1,"6":3,"7":1,"8":3,"9":1,"10":3,"11":1,"12":1,"13":1,"14":1,"15":1,"16":0,"17":1,"18":0,"19":2,"20":6,"21":0,"22":0,"23":0,"24":0},"f":{"0":1,"1":3,"2":3,"3":3,"4":3,"5":1,"6":1,"7":0,"8":2,"9":6,"10":0,"11":0,"12":0,"13":0},"b":{"0":[0,1],"1":[1,0],"2":[1,0],"3":[1,1],"4":[0,0],"5":[0,0],"6":[1,0],"7":[0,0]},"_coverageSchema":"1a1c01bbd47fc00a2c39e90264f33305004495a9","hash":"74ed4532ec3dfe57089a33d33987d901f2f34cea"}
,"/Users/dhabrije/Projects/pokedexapp/src/views/Pokemon/Style.jsx": {"path":"/Users/dhabrije/Projects/pokedexapp/src/views/Pokemon/Style.jsx","statementMap":{"0":{"start":{"line":3,"column":15},"end":{"line":61,"column":2}}},"fnMap":{},"branchMap":{},"s":{"0":1},"f":{},"b":{},"_coverageSchema":"1a1c01bbd47fc00a2c39e90264f33305004495a9","hash":"9722a138a506c6ba7a54707747050ca189b64ded"}
}
