TN:
SF:src/assets/filter.png
FNF:0
FNH:0
DA:1,2
LF:1
LH:1
BRF:0
BRH:0
end_of_record
TN:
SF:src/assets/multiply.png
FNF:0
FNH:0
DA:1,2
LF:1
LH:1
BRF:0
BRH:0
end_of_record
TN:
SF:src/components/Filter/Filter.jsx
FN:22,LabelBase
FN:27,(anonymous_1)
FN:84,(anonymous_2)
FN:97,(anonymous_3)
FN:105,(anonymous_4)
FN:124,(anonymous_5)
FN:129,(anonymous_6)
FN:133,(anonymous_7)
FN:158,(anonymous_8)
FN:168,(anonymous_9)
FN:180,(anonymous_10)
FN:195,(anonymous_11)
FN:223,(anonymous_12)
FN:229,(anonymous_13)
FN:273,(anonymous_14)
FN:305,(anonymous_15)
FNF:16
FNH:6
FNDA:0,LabelBase
FNDA:0,(anonymous_1)
FNDA:3,(anonymous_2)
FNDA:3,(anonymous_3)
FNDA:0,(anonymous_4)
FNDA:60,(anonymous_5)
FNDA:0,(anonymous_6)
FNDA:0,(anonymous_7)
FNDA:0,(anonymous_8)
FNDA:0,(anonymous_9)
FNDA:0,(anonymous_10)
FNDA:18,(anonymous_11)
FNDA:0,(anonymous_12)
FNDA:0,(anonymous_13)
FNDA:1,(anonymous_14)
FNDA:1,(anonymous_15)
DA:20,2
DA:23,0
DA:24,0
DA:25,0
DA:27,0
DA:28,0
DA:34,0
DA:37,0
DA:84,2
DA:97,3
DA:99,3
DA:105,0
DA:125,60
DA:130,0
DA:133,0
DA:158,0
DA:169,0
DA:181,0
DA:196,18
DA:224,0
DA:225,0
DA:226,0
DA:227,0
DA:238,0
DA:274,1
DA:275,1
DA:276,1
DA:284,1
DA:292,1
DA:293,1
DA:306,1
DA:307,1
LF:32
LH:14
BRDA:29,0,0,0
BRDA:29,0,1,0
BRDA:31,1,0,0
BRDA:31,1,1,0
BRDA:38,2,0,0
BRDA:38,2,1,0
BRDA:38,2,2,0
BRDA:130,3,0,0
BRDA:130,3,1,0
BRDA:158,4,0,0
BRDA:158,4,1,0
BRDA:169,5,0,0
BRDA:169,5,1,0
BRDA:181,6,0,0
BRDA:181,6,1,0
BRDA:199,7,0,3
BRDA:199,7,1,15
BRF:17
BRH:2
end_of_record
TN:
SF:src/components/Filter/Style.jsx
FNF:0
FNH:0
DA:3,2
LF:1
LH:1
BRF:0
BRH:0
end_of_record
TN:
SF:src/components/Header/Header.jsx
FN:5,Header
FNF:1
FNH:1
FNDA:2,Header
DA:6,2
LF:1
LH:1
BRF:0
BRH:0
end_of_record
TN:
SF:src/components/Header/Style.jsx
FNF:0
FNH:0
DA:3,2
LF:1
LH:1
BRF:0
BRH:0
end_of_record
TN:
SF:src/components/PokemonCard/PokemonCard.jsx
FN:6,PokemonCard
FN:8,(anonymous_1)
FN:8,(anonymous_2)
FN:12,(anonymous_3)
FNF:4
FNH:3
FNDA:1,PokemonCard
FNDA:1,(anonymous_1)
FNDA:2,(anonymous_2)
FNDA:0,(anonymous_3)
DA:7,1
DA:8,2
DA:12,1
DA:13,0
DA:22,1
LF:5
LH:4
BRF:0
BRH:0
end_of_record
TN:
SF:src/components/PokemonCard/Style.jsx
FNF:0
FNH:0
DA:3,2
LF:1
LH:1
BRF:0
BRH:0
end_of_record
TN:
SF:src/components/Search/Search.jsx
FN:5,Search
FN:11,(anonymous_1)
FN:16,(anonymous_2)
FNF:3
FNH:1
FNDA:2,Search
FNDA:0,(anonymous_1)
FNDA:0,(anonymous_2)
DA:6,2
DA:12,0
DA:16,0
LF:3
LH:1
BRF:0
BRH:0
end_of_record
TN:
SF:src/components/Search/Style.jsx
FNF:0
FNH:0
DA:3,2
LF:1
LH:1
BRF:0
BRH:0
end_of_record
TN:
SF:src/redux/actions/detail.js
FN:5,(anonymous_0)
FN:5,(anonymous_1)
FN:10,(anonymous_2)
FN:23,(anonymous_3)
FN:23,(anonymous_4)
FNF:5
FNH:4
FNDA:2,(anonymous_0)
FNDA:2,(anonymous_1)
FNDA:0,(anonymous_2)
FNDA:2,(anonymous_3)
FNDA:2,(anonymous_4)
DA:5,2
DA:6,2
DA:7,2
DA:8,2
DA:9,1
DA:10,1
DA:11,0
DA:13,0
DA:17,0
DA:19,1
DA:23,2
DA:24,2
DA:25,2
DA:26,2
DA:27,1
DA:31,0
DA:33,1
LF:17
LH:13
BRF:0
BRH:0
end_of_record
TN:
SF:src/redux/actions/home.js
FN:5,(anonymous_0)
FN:5,(anonymous_1)
FN:17,(anonymous_2)
FN:18,(anonymous_3)
FN:25,(anonymous_4)
FN:41,(anonymous_5)
FN:41,(anonymous_6)
FN:56,(anonymous_7)
FN:56,(anonymous_8)
FN:64,(anonymous_9)
FN:68,(anonymous_10)
FN:72,(anonymous_11)
FNF:12
FNH:8
FNDA:1,(anonymous_0)
FNDA:1,(anonymous_1)
FNDA:1,(anonymous_2)
FNDA:1,(anonymous_3)
FNDA:0,(anonymous_4)
FNDA:1,(anonymous_5)
FNDA:1,(anonymous_6)
FNDA:1,(anonymous_7)
FNDA:1,(anonymous_8)
FNDA:0,(anonymous_9)
FNDA:0,(anonymous_10)
FNDA:0,(anonymous_11)
DA:5,3
DA:6,1
DA:7,1
DA:8,1
DA:9,1
DA:10,1
DA:12,1
DA:17,3
DA:18,1
DA:19,1
DA:20,1
DA:21,1
DA:25,1
DA:26,0
DA:29,0
DA:31,0
DA:35,0
DA:37,1
DA:41,3
DA:42,1
DA:43,1
DA:44,1
DA:45,1
DA:49,0
DA:51,1
DA:52,1
DA:56,3
DA:57,1
DA:58,1
DA:59,1
DA:60,1
DA:61,1
DA:63,1
DA:64,0
DA:67,0
DA:68,0
DA:71,0
DA:72,0
DA:75,0
DA:83,0
DA:85,1
LF:41
LH:29
BRDA:17,0,0,1
BRF:1
BRH:1
end_of_record
TN:
SF:src/redux/actions/loader.js
FN:3,(anonymous_0)
FN:3,(anonymous_1)
FN:9,(anonymous_2)
FN:9,(anonymous_3)
FNF:4
FNH:3
FNDA:9,(anonymous_0)
FNDA:2,(anonymous_1)
FNDA:8,(anonymous_2)
FNDA:0,(anonymous_3)
DA:3,9
DA:4,2
DA:9,8
DA:10,0
LF:4
LH:3
BRF:0
BRH:0
end_of_record
TN:
SF:src/redux/reducers/detail.js
FN:8,(anonymous_0)
FNF:1
FNH:1
FNDA:2,(anonymous_0)
DA:3,1
DA:9,2
DA:11,1
DA:16,1
DA:21,0
LF:5
LH:4
BRDA:8,0,0,0
BRDA:9,1,0,1
BRDA:9,1,1,1
BRDA:9,1,2,0
BRF:4
BRH:2
end_of_record
TN:
SF:src/redux/reducers/home.js
FN:9,(anonymous_0)
FNF:1
FNH:1
FNDA:3,(anonymous_0)
DA:3,1
DA:10,3
DA:12,1
DA:17,1
DA:22,1
DA:27,0
LF:6
LH:5
BRDA:9,0,0,0
BRDA:10,1,0,1
BRDA:10,1,1,1
BRDA:10,1,2,1
BRDA:10,1,3,0
BRF:5
BRH:3
end_of_record
TN:
SF:src/redux/reducers/loader.js
FN:7,(anonymous_0)
FNF:1
FNH:1
FNDA:2,(anonymous_0)
DA:3,1
DA:7,1
DA:8,2
DA:10,1
DA:15,1
DA:20,0
LF:6
LH:5
BRDA:7,0,0,0
BRDA:8,1,0,1
BRDA:8,1,1,1
BRDA:8,1,2,0
BRF:4
BRH:2
end_of_record
TN:
SF:src/redux/types/detail.js
FNF:0
FNH:0
DA:1,3
LF:1
LH:1
BRF:0
BRH:0
end_of_record
TN:
SF:src/redux/types/home.js
FNF:0
FNH:0
DA:1,4
LF:1
LH:1
BRF:0
BRH:0
end_of_record
TN:
SF:src/redux/types/loader.js
FNF:0
FNH:0
DA:1,6
LF:1
LH:1
BRF:0
BRH:0
end_of_record
TN:
SF:src/services/api.service.js
FN:4,(anonymous_0)
FN:11,(anonymous_1)
FN:12,(anonymous_2)
FN:17,(anonymous_3)
FN:24,(anonymous_4)
FNF:5
FNH:3
FNDA:4,(anonymous_0)
FNDA:2,(anonymous_1)
FNDA:2,(anonymous_2)
FNDA:0,(anonymous_3)
FNDA:0,(anonymous_4)
DA:5,4
DA:6,4
DA:12,2
DA:13,2
DA:18,0
DA:25,0
LF:6
LH:4
BRDA:11,0,0,2
BRF:1
BRH:1
end_of_record
TN:
SF:src/utils/index.js
FNF:0
FNH:0
DA:1,3
LF:1
LH:1
BRF:0
BRH:0
end_of_record
TN:
SF:src/utils/mock.js
FNF:0
FNH:0
DA:1,5
DA:81,5
DA:32587,5
DA:32610,5
LF:4
LH:4
BRF:0
BRH:0
end_of_record
TN:
SF:src/views/Home/Home.jsx
FN:16,Home
FN:20,(anonymous_1)
FN:21,(anonymous_2)
FN:30,(anonymous_3)
FN:52,(anonymous_4)
FN:56,(anonymous_5)
FN:64,(anonymous_6)
FN:69,(anonymous_7)
FN:73,(anonymous_8)
FN:81,(anonymous_9)
FN:83,(anonymous_10)
FN:84,(anonymous_11)
FN:90,(anonymous_12)
FN:94,(anonymous_13)
FN:97,(anonymous_14)
FN:106,(anonymous_15)
FN:109,(anonymous_16)
FN:123,(anonymous_17)
FN:124,(anonymous_18)
FN:132,(anonymous_19)
FN:133,(anonymous_20)
FN:135,(anonymous_21)
FN:138,(anonymous_22)
FN:139,(anonymous_23)
FN:140,(anonymous_24)
FN:149,(anonymous_25)
FN:150,(anonymous_26)
FN:157,(anonymous_27)
FN:164,(anonymous_28)
FN:166,(anonymous_29)
FN:168,(anonymous_30)
FNF:31
FNH:6
FNDA:1,Home
FNDA:1,(anonymous_1)
FNDA:1,(anonymous_2)
FNDA:1,(anonymous_3)
FNDA:0,(anonymous_4)
FNDA:0,(anonymous_5)
FNDA:0,(anonymous_6)
FNDA:1,(anonymous_7)
FNDA:0,(anonymous_8)
FNDA:0,(anonymous_9)
FNDA:0,(anonymous_10)
FNDA:0,(anonymous_11)
FNDA:0,(anonymous_12)
FNDA:0,(anonymous_13)
FNDA:0,(anonymous_14)
FNDA:0,(anonymous_15)
FNDA:0,(anonymous_16)
FNDA:0,(anonymous_17)
FNDA:0,(anonymous_18)
FNDA:0,(anonymous_19)
FNDA:0,(anonymous_20)
FNDA:0,(anonymous_21)
FNDA:0,(anonymous_22)
FNDA:0,(anonymous_23)
FNDA:0,(anonymous_24)
FNDA:0,(anonymous_25)
FNDA:0,(anonymous_26)
FNDA:0,(anonymous_27)
FNDA:0,(anonymous_28)
FNDA:3,(anonymous_29)
FNDA:0,(anonymous_30)
DA:17,1
DA:18,1
DA:19,1
DA:20,1
DA:21,1
DA:22,1
DA:30,1
DA:31,1
DA:32,1
DA:33,1
DA:34,1
DA:42,1
DA:50,1
DA:52,1
DA:53,0
DA:56,1
DA:57,0
DA:58,0
DA:59,0
DA:60,0
DA:61,0
DA:64,1
DA:65,0
DA:66,0
DA:69,1
DA:71,1
DA:74,0
DA:78,1
DA:79,0
DA:80,0
DA:82,0
DA:84,0
DA:90,0
DA:93,0
DA:95,0
DA:98,0
DA:106,0
DA:108,0
DA:110,0
DA:114,1
DA:117,1
DA:118,0
DA:123,0
DA:124,0
DA:130,1
DA:132,0
DA:133,0
DA:135,0
DA:138,0
DA:139,0
DA:140,0
DA:149,0
DA:150,0
DA:158,0
DA:164,0
DA:166,3
DA:169,0
LF:57
LH:23
BRDA:71,0,0,0
BRDA:71,0,1,1
BRDA:74,1,0,0
BRDA:74,1,1,0
BRDA:78,2,0,0
BRDA:78,2,1,1
BRDA:79,3,0,0
BRDA:79,3,1,0
BRDA:82,4,0,0
BRDA:82,4,1,0
BRDA:95,5,0,0
BRDA:95,5,1,0
BRDA:98,6,0,0
BRDA:98,6,1,0
BRDA:98,6,2,0
BRDA:108,7,0,0
BRDA:108,7,1,0
BRDA:117,8,0,0
BRDA:117,8,1,1
BRDA:117,9,0,1
BRDA:117,9,1,0
BRDA:130,10,0,0
BRDA:130,10,1,1
BRDA:152,11,0,1
BRDA:152,11,1,0
BRDA:158,12,0,0
BRDA:158,12,1,0
BRDA:158,12,2,0
BRDA:158,12,3,0
BRDA:179,13,0,0
BRDA:179,13,1,1
BRF:31
BRH:7
end_of_record
TN:
SF:src/views/Home/Style.jsx
FNF:0
FNH:0
DA:3,1
LF:1
LH:1
BRF:0
BRH:0
end_of_record
TN:
SF:src/views/Pokemon/Pokemon.jsx
FN:14,Pokemon
FN:18,(anonymous_1)
FN:19,(anonymous_2)
FN:20,(anonymous_3)
FN:21,(anonymous_4)
FN:23,(anonymous_5)
FN:28,(anonymous_6)
FN:44,(anonymous_7)
FN:116,(anonymous_8)
FN:129,(anonymous_9)
FN:149,(anonymous_10)
FN:155,(anonymous_11)
FN:169,(anonymous_12)
FN:178,(anonymous_13)
FNF:14
FNH:9
FNDA:1,Pokemon
FNDA:3,(anonymous_1)
FNDA:3,(anonymous_2)
FNDA:3,(anonymous_3)
FNDA:3,(anonymous_4)
FNDA:1,(anonymous_5)
FNDA:1,(anonymous_6)
FNDA:0,(anonymous_7)
FNDA:2,(anonymous_8)
FNDA:6,(anonymous_9)
FNDA:0,(anonymous_10)
FNDA:0,(anonymous_11)
FNDA:0,(anonymous_12)
FNDA:0,(anonymous_13)
DA:15,1
DA:16,1
DA:17,1
DA:18,3
DA:19,3
DA:20,3
DA:21,3
DA:23,1
DA:24,1
DA:25,1
DA:28,1
DA:29,1
DA:30,0
DA:34,1
DA:44,0
DA:116,2
DA:130,6
DA:150,0
DA:155,0
DA:170,0
DA:178,0
LF:21
LH:15
BRDA:29,0,0,0
BRDA:29,0,1,1
BRDA:68,1,0,1
BRDA:68,1,1,0
BRDA:96,2,0,1
BRDA:96,2,1,0
BRDA:96,3,0,1
BRDA:96,3,1,1
BRDA:99,4,0,0
BRDA:99,4,1,0
BRDA:101,5,0,0
BRDA:101,5,1,0
BRDA:147,6,0,1
BRDA:147,6,1,0
BRDA:174,7,0,0
BRDA:174,7,1,0
BRF:16
BRH:6
end_of_record
TN:
SF:src/views/Pokemon/Style.jsx
FNF:0
FNH:0
DA:3,1
LF:1
LH:1
BRF:0
BRH:0
end_of_record
